app/build/intermediates/manifest_merge_blame_file/debug/processDebugMainManifest/manifest-merger-blame-debug-report.txt
1<?xml version="1.0" encoding="utf-8"?>
2<manifest xmlns:android="http://schemas.android.com/apk/res/android"
3    package="com.tenli.aiot"
4    android:versionCode="303"
5    android:versionName="3.0.3" >
6
7    <uses-sdk
8        android:minSdkVersion="26"
9        android:targetSdkVersion="35" />
10
11    <uses-feature
11-->src/main/AndroidManifest.xml:5:5-7:36
12        android:name="android.hardware.telephony"
12-->src/main/AndroidManifest.xml:6:9-50
13        android:required="false" />
13-->src/main/AndroidManifest.xml:7:9-33
14
15    <uses-permission android:name="android.permission.INTERNET" />
15-->src/main/AndroidManifest.xml:103:5-105:40
15-->src/main/AndroidManifest.xml:104:9-51
16    <uses-permission android:name="android.permission.ACCESS_NETWORK_STATE" />
16-->src/main/AndroidManifest.xml:109:5-79
16-->src/main/AndroidManifest.xml:109:22-76
17    <uses-permission android:name="android.permission.ACCESS_WIFI_STATE" />
17-->src/main/AndroidManifest.xml:110:5-76
17-->src/main/AndroidManifest.xml:110:22-73
18    <uses-permission android:name="android.permission.CALL_PHONE" />
18-->src/main/AndroidManifest.xml:111:5-69
18-->src/main/AndroidManifest.xml:111:22-66
19    <uses-permission android:name="android.permission.CHANGE_WIFI_MULTICAST_STATE" />
19-->src/main/AndroidManifest.xml:112:5-86
19-->src/main/AndroidManifest.xml:112:22-83
20    <uses-permission android:name="android.permission.POST_NOTIFICATIONS" />
20-->src/main/AndroidManifest.xml:113:5-77
20-->src/main/AndroidManifest.xml:113:22-74
21    <uses-permission android:name="android.permission.SYSTEM_ALERT_WINDOW" />
21-->src/main/AndroidManifest.xml:114:5-78
21-->src/main/AndroidManifest.xml:114:22-75
22    <uses-permission android:name="android.permission.USE_FULL_SCREEN_INTENT" />
22-->src/main/AndroidManifest.xml:115:5-117:49
22-->src/main/AndroidManifest.xml:116:9-65
23    <uses-permission android:name="android.permission.VIBRATE" />
23-->src/main/AndroidManifest.xml:118:5-66
23-->src/main/AndroidManifest.xml:118:22-63
24    <uses-permission android:name="android.permission.FOREGROUND_SERVICE" />
24-->src/main/AndroidManifest.xml:119:5-121:51
24-->src/main/AndroidManifest.xml:120:9-61
25    <uses-permission android:name="android.permission.WAKE_LOCK" />
25-->src/main/AndroidManifest.xml:122:5-68
25-->src/main/AndroidManifest.xml:122:22-65
26    <uses-permission android:name="android.permission.REQUEST_IGNORE_BATTERY_OPTIMIZATIONS" />
26-->src/main/AndroidManifest.xml:123:5-95
26-->src/main/AndroidManifest.xml:123:22-92
27    <uses-permission android:name="android.permission.RECEIVE_BOOT_COMPLETED" />
27-->src/main/AndroidManifest.xml:124:5-81
27-->src/main/AndroidManifest.xml:124:22-78
28    <uses-permission android:name="android.permission.FOREGROUND_SERVICE_REMOTE_MESSAGING" />
28-->src/main/AndroidManifest.xml:125:5-94
28-->src/main/AndroidManifest.xml:125:22-91
29    <uses-permission
29-->src/main/AndroidManifest.xml:126:5-128:38
30        android:name="android.permission.READ_EXTERNAL_STORAGE"
30-->src/main/AndroidManifest.xml:127:9-64
31        android:maxSdkVersion="32" />
31-->src/main/AndroidManifest.xml:128:9-35
32
33    <queries>
33-->[com.github.CanHub:Android-Image-Cropper:4.5.0] AndroidManifest.xml:9:5-20:15
34        <intent>
34-->[com.github.CanHub:Android-Image-Cropper:4.5.0] AndroidManifest.xml:10:9-16:18
35            <action android:name="android.intent.action.GET_CONTENT" />
35-->[com.github.CanHub:Android-Image-Cropper:4.5.0] AndroidManifest.xml:11:13-72
35-->[com.github.CanHub:Android-Image-Cropper:4.5.0] AndroidManifest.xml:11:21-69
36
37            <category android:name="android.intent.category.OPENABLE" />
37-->[com.github.CanHub:Android-Image-Cropper:4.5.0] AndroidManifest.xml:13:13-73
37-->[com.github.CanHub:Android-Image-Cropper:4.5.0] AndroidManifest.xml:13:23-70
38
39            <data android:mimeType="*/*" />
39-->[com.github.CanHub:Android-Image-Cropper:4.5.0] AndroidManifest.xml:15:13-44
39-->[com.github.CanHub:Android-Image-Cropper:4.5.0] AndroidManifest.xml:15:19-41
40        </intent>
41        <intent>
41-->[com.github.CanHub:Android-Image-Cropper:4.5.0] AndroidManifest.xml:17:9-19:18
42            <action android:name="android.media.action.IMAGE_CAPTURE" />
42-->[com.github.CanHub:Android-Image-Cropper:4.5.0] AndroidManifest.xml:18:13-73
42-->[com.github.CanHub:Android-Image-Cropper:4.5.0] AndroidManifest.xml:18:21-70
43        </intent>
44    </queries>
45
46    <uses-permission android:name="android.permission.USE_BIOMETRIC" /> <!-- suppress DeprecatedClassUsageInspection -->
46-->[androidx.biometric:biometric:1.1.0] AndroidManifest.xml:24:5-72
46-->[androidx.biometric:biometric:1.1.0] AndroidManifest.xml:24:22-69
47    <uses-permission android:name="android.permission.USE_FINGERPRINT" /> <!-- Required by older versions of Google Play services to create IID tokens -->
47-->[androidx.biometric:biometric:1.1.0] AndroidManifest.xml:27:5-74
47-->[androidx.biometric:biometric:1.1.0] AndroidManifest.xml:27:22-71
48    <uses-permission android:name="com.google.android.c2dm.permission.RECEIVE" />
48-->[com.google.firebase:firebase-messaging:25.0.1] AndroidManifest.xml:26:5-82
48-->[com.google.firebase:firebase-messaging:25.0.1] AndroidManifest.xml:26:22-79
49    <uses-permission android:name="com.google.android.finsky.permission.BIND_GET_INSTALL_REFERRER_SERVICE" />
49-->[com.google.android.gms:play-services-measurement:23.2.0] AndroidManifest.xml:26:5-110
49-->[com.google.android.gms:play-services-measurement:23.2.0] AndroidManifest.xml:26:22-107
50    <uses-permission android:name="android.permission.ACCESS_ADSERVICES_ATTRIBUTION" />
50-->[com.google.android.gms:play-services-measurement-api:23.2.0] AndroidManifest.xml:26:5-88
50-->[com.google.android.gms:play-services-measurement-api:23.2.0] AndroidManifest.xml:26:22-85
51    <uses-permission android:name="android.permission.ACCESS_ADSERVICES_AD_ID" />
51-->[com.google.android.gms:play-services-measurement-api:23.2.0] AndroidManifest.xml:27:5-82
51-->[com.google.android.gms:play-services-measurement-api:23.2.0] AndroidManifest.xml:27:22-79
52    <uses-permission android:name="com.google.android.providers.gsf.permission.READ_GSERVICES" />
52-->[com.google.android.recaptcha:recaptcha:18.6.1] AndroidManifest.xml:9:5-98
52-->[com.google.android.recaptcha:recaptcha:18.6.1] AndroidManifest.xml:9:22-95
53
54    <permission
54-->[androidx.core:core:1.16.0] AndroidManifest.xml:22:5-24:47
55        android:name="com.tenli.aiot.DYNAMIC_RECEIVER_NOT_EXPORTED_PERMISSION"
55-->[androidx.core:core:1.16.0] AndroidManifest.xml:23:9-81
56        android:protectionLevel="signature" />
56-->[androidx.core:core:1.16.0] AndroidManifest.xml:24:9-44
57
58    <uses-permission android:name="com.tenli.aiot.DYNAMIC_RECEIVER_NOT_EXPORTED_PERMISSION" />
58-->[androidx.core:core:1.16.0] AndroidManifest.xml:26:5-97
58-->[androidx.core:core:1.16.0] AndroidManifest.xml:26:22-94
59
60    <application
61        android:name="com.tenli.oneview.TenliApp"
61-->src/main/AndroidManifest.xml:9:9-33
62        android:allowBackup="false"
62-->src/main/AndroidManifest.xml:10:9-36
63        android:appComponentFactory="androidx.core.app.CoreComponentFactory"
63-->[androidx.core:core:1.16.0] AndroidManifest.xml:28:18-86
64        android:dataExtractionRules="@xml/data_extraction_rules"
64-->src/main/AndroidManifest.xml:11:9-65
65        android:debuggable="true"
66        android:extractNativeLibs="false"
67        android:fullBackupContent="@xml/backup_rules"
67-->src/main/AndroidManifest.xml:12:9-54
68        android:icon="@mipmap/app_icon"
68-->src/main/AndroidManifest.xml:13:9-40
69        android:label="Tenli Vision"
69-->src/main/AndroidManifest.xml:14:9-35
70        android:localeConfig="@xml/locales_config"
70-->src/main/AndroidManifest.xml:15:9-51
71        android:networkSecurityConfig="@xml/network_security_config"
71-->src/main/AndroidManifest.xml:16:9-69
72        android:requestLegacyExternalStorage="true"
72-->src/main/AndroidManifest.xml:17:9-52
73        android:roundIcon="@drawable/logo_app"
73-->src/main/AndroidManifest.xml:18:9-39
74        android:supportsRtl="true"
74-->src/main/AndroidManifest.xml:19:9-35
75        android:testOnly="true"
76        android:theme="@style/AppTheme"
76-->src/main/AndroidManifest.xml:20:9-40
77        android:usesCleartextTraffic="true" >
77-->src/main/AndroidManifest.xml:21:9-44
78        <activity
78-->src/main/AndroidManifest.xml:25:9-36:20
79            android:name="com.tenli.oneview.main.MainActivity"
79-->src/main/AndroidManifest.xml:26:13-63
80            android:configChanges="uiMode|orientation|screenSize|screenLayout|smallestScreenSize|keyboardHidden"
80-->src/main/AndroidManifest.xml:27:13-113
81            android:exported="true"
81-->src/main/AndroidManifest.xml:29:13-36
82            android:screenOrientation="portrait"
82-->src/main/AndroidManifest.xml:28:13-49
83            android:theme="@style/Theme.App.Starting" >
83-->src/main/AndroidManifest.xml:30:13-54
84            <intent-filter>
84-->src/main/AndroidManifest.xml:32:13-35:29
85                <action android:name="android.intent.action.MAIN" />
85-->src/main/AndroidManifest.xml:33:17-69
85-->src/main/AndroidManifest.xml:33:25-66
86
87                <category android:name="android.intent.category.LAUNCHER" />
87-->src/main/AndroidManifest.xml:34:17-77
87-->src/main/AndroidManifest.xml:34:27-74
88            </intent-filter>
89        </activity>
90        <activity
90-->src/main/AndroidManifest.xml:37:9-39:59
91            android:name="com.canhub.cropper.CropImageActivity"
91-->src/main/AndroidManifest.xml:38:13-64
92            android:exported="true"
92-->[com.github.CanHub:Android-Image-Cropper:4.5.0] AndroidManifest.xml:35:13-36
93            android:theme="@style/Base.Theme.AppCompat" />
93-->src/main/AndroidManifest.xml:39:13-56
94        <activity
94-->src/main/AndroidManifest.xml:40:9-50:71
95            android:name="com.tenli.oneview.firebase.CallComingActivity"
95-->src/main/AndroidManifest.xml:41:13-56
96            android:excludeFromRecents="true"
96-->src/main/AndroidManifest.xml:42:13-46
97            android:exported="false"
97-->src/main/AndroidManifest.xml:43:13-37
98            android:launchMode="singleInstance"
98-->src/main/AndroidManifest.xml:44:13-48
99            android:screenOrientation="portrait"
99-->src/main/AndroidManifest.xml:45:13-49
100            android:showOnLockScreen="true"
100-->src/main/AndroidManifest.xml:46:13-44
101            android:showWhenLocked="true"
101-->src/main/AndroidManifest.xml:47:13-42
102            android:theme="@style/Theme.TenliAIoT.FullScreenCall"
102-->src/main/AndroidManifest.xml:48:13-66
103            android:turnScreenOn="true" />
103-->src/main/AndroidManifest.xml:49:13-40
104
105        <service
105-->src/main/AndroidManifest.xml:52:9-58:19
106            android:name="com.tenli.oneview.firebase.EventMessagingService"
106-->src/main/AndroidManifest.xml:53:13-59
107            android:exported="false" >
107-->src/main/AndroidManifest.xml:54:13-37
108            <intent-filter>
108-->src/main/AndroidManifest.xml:55:13-57:29
109                <action android:name="com.google.firebase.MESSAGING_EVENT" />
109-->src/main/AndroidManifest.xml:56:17-78
109-->src/main/AndroidManifest.xml:56:25-75
110            </intent-filter>
111        </service>
112
113        <receiver
113-->src/main/AndroidManifest.xml:60:9-71:20
114            android:name="com.tenli.oneview.service.BootReceiver"
114-->src/main/AndroidManifest.xml:61:13-49
115            android:enabled="true"
115-->src/main/AndroidManifest.xml:62:13-35
116            android:exported="true"
116-->src/main/AndroidManifest.xml:63:13-36
117            android:permission="android.permission.RECEIVE_BOOT_COMPLETED" >
117-->src/main/AndroidManifest.xml:64:13-75
118            <intent-filter android:priority="999" >
118-->src/main/AndroidManifest.xml:65:13-70:29
118-->src/main/AndroidManifest.xml:65:28-50
119                <action android:name="android.intent.action.BOOT_COMPLETED" />
119-->src/main/AndroidManifest.xml:66:17-79
119-->src/main/AndroidManifest.xml:66:25-76
120                <action android:name="android.intent.action.QUICKBOOT_POWERON" />
120-->src/main/AndroidManifest.xml:67:17-82
120-->src/main/AndroidManifest.xml:67:25-79
121
122                <category android:name="android.intent.category.DEFAULT" />
122-->src/main/AndroidManifest.xml:69:17-76
122-->src/main/AndroidManifest.xml:69:27-73
123            </intent-filter>
124        </receiver>
125
126        <service
126-->src/main/AndroidManifest.xml:73:9-76:58
127            android:name="com.tenli.oneview.service.KeepAliveService"
127-->src/main/AndroidManifest.xml:74:13-53
128            android:foregroundServiceType="remoteMessaging" />
128-->src/main/AndroidManifest.xml:75:13-60
129        <service
129-->src/main/AndroidManifest.xml:78:9-85:19
130            android:name="androidx.appcompat.app.AppLocalesMetadataHolderService"
130-->src/main/AndroidManifest.xml:79:13-82
131            android:enabled="false"
131-->src/main/AndroidManifest.xml:80:13-36
132            android:exported="false" >
132-->src/main/AndroidManifest.xml:81:13-37
133            <meta-data
133-->src/main/AndroidManifest.xml:82:13-84:40
134                android:name="autoStoreLocales"
134-->src/main/AndroidManifest.xml:83:17-48
135                android:value="true" />
135-->src/main/AndroidManifest.xml:84:17-37
136        </service>
137
138        <meta-data
138-->src/main/AndroidManifest.xml:87:9-89:58
139            android:name="com.google.firebase.messaging.default_notification_icon"
139-->src/main/AndroidManifest.xml:88:13-83
140            android:resource="@mipmap/app_icon_notify" />
140-->src/main/AndroidManifest.xml:89:13-55
141
142        <provider
143            android:name="androidx.core.content.FileProvider"
143-->src/main/AndroidManifest.xml:92:13-62
144            android:authorities="com.tenli.aiot.provider"
144-->src/main/AndroidManifest.xml:93:13-60
145            android:exported="false"
145-->src/main/AndroidManifest.xml:94:13-37
146            android:grantUriPermissions="true" >
146-->src/main/AndroidManifest.xml:95:13-47
147            <meta-data
147-->src/main/AndroidManifest.xml:96:13-98:54
148                android:name="android.support.FILE_PROVIDER_PATHS"
148-->src/main/AndroidManifest.xml:97:17-67
149                android:resource="@xml/file_paths" />
149-->src/main/AndroidManifest.xml:98:17-51
150        </provider>
151        <provider
151-->[com.github.CanHub:Android-Image-Cropper:4.5.0] AndroidManifest.xml:23:9-31:20
152            android:name="com.canhub.cropper.CropFileProvider"
152-->[com.github.CanHub:Android-Image-Cropper:4.5.0] AndroidManifest.xml:24:13-63
153            android:authorities="com.tenli.aiot.cropper.fileprovider"
153-->[com.github.CanHub:Android-Image-Cropper:4.5.0] AndroidManifest.xml:25:13-72
154            android:exported="false"
154-->[com.github.CanHub:Android-Image-Cropper:4.5.0] AndroidManifest.xml:26:13-37
155            android:grantUriPermissions="true" >
155-->[com.github.CanHub:Android-Image-Cropper:4.5.0] AndroidManifest.xml:27:13-47
156            <meta-data
156-->src/main/AndroidManifest.xml:96:13-98:54
157                android:name="android.support.FILE_PROVIDER_PATHS"
157-->src/main/AndroidManifest.xml:97:17-67
158                android:resource="@xml/library_file_paths" />
158-->src/main/AndroidManifest.xml:98:17-51
159        </provider>
160
161        <activity
161-->[androidx.compose.ui:ui-tooling-android:1.10.5] AndroidManifest.xml:23:9-25:39
162            android:name="androidx.compose.ui.tooling.PreviewActivity"
162-->[androidx.compose.ui:ui-tooling-android:1.10.5] AndroidManifest.xml:24:13-71
163            android:exported="true" />
163-->[androidx.compose.ui:ui-tooling-android:1.10.5] AndroidManifest.xml:25:13-36
164        <activity
164-->[com.google.firebase:firebase-auth:24.0.1] AndroidManifest.xml:29:9-46:20
165            android:name="com.google.firebase.auth.internal.GenericIdpActivity"
165-->[com.google.firebase:firebase-auth:24.0.1] AndroidManifest.xml:30:13-80
166            android:excludeFromRecents="true"
166-->[com.google.firebase:firebase-auth:24.0.1] AndroidManifest.xml:31:13-46
167            android:exported="true"
167-->[com.google.firebase:firebase-auth:24.0.1] AndroidManifest.xml:32:13-36
168            android:launchMode="singleTask"
168-->[com.google.firebase:firebase-auth:24.0.1] AndroidManifest.xml:33:13-44
169            android:theme="@android:style/Theme.Translucent.NoTitleBar" >
169-->[com.google.firebase:firebase-auth:24.0.1] AndroidManifest.xml:34:13-72
170            <intent-filter>
170-->[com.google.firebase:firebase-auth:24.0.1] AndroidManifest.xml:35:13-45:29
171                <action android:name="android.intent.action.VIEW" />
171-->[com.google.firebase:firebase-auth:24.0.1] AndroidManifest.xml:36:17-69
171-->[com.google.firebase:firebase-auth:24.0.1] AndroidManifest.xml:36:25-66
172
173                <category android:name="android.intent.category.DEFAULT" />
173-->src/main/AndroidManifest.xml:69:17-76
173-->src/main/AndroidManifest.xml:69:27-73
174                <category android:name="android.intent.category.BROWSABLE" />
174-->[com.google.firebase:firebase-auth:24.0.1] AndroidManifest.xml:39:17-78
174-->[com.google.firebase:firebase-auth:24.0.1] AndroidManifest.xml:39:27-75
175
176                <data
176-->[com.github.CanHub:Android-Image-Cropper:4.5.0] AndroidManifest.xml:15:13-44
177                    android:host="firebase.auth"
178                    android:path="/"
179                    android:scheme="genericidp" />
180            </intent-filter>
181        </activity>
182        <activity
182-->[com.google.firebase:firebase-auth:24.0.1] AndroidManifest.xml:47:9-64:20
183            android:name="com.google.firebase.auth.internal.RecaptchaActivity"
183-->[com.google.firebase:firebase-auth:24.0.1] AndroidManifest.xml:48:13-79
184            android:excludeFromRecents="true"
184-->[com.google.firebase:firebase-auth:24.0.1] AndroidManifest.xml:49:13-46
185            android:exported="true"
185-->[com.google.firebase:firebase-auth:24.0.1] AndroidManifest.xml:50:13-36
186            android:launchMode="singleTask"
186-->[com.google.firebase:firebase-auth:24.0.1] AndroidManifest.xml:51:13-44
187            android:theme="@android:style/Theme.Translucent.NoTitleBar" >
187-->[com.google.firebase:firebase-auth:24.0.1] AndroidManifest.xml:52:13-72
188            <intent-filter>
188-->[com.google.firebase:firebase-auth:24.0.1] AndroidManifest.xml:53:13-63:29
189                <action android:name="android.intent.action.VIEW" />
189-->[com.google.firebase:firebase-auth:24.0.1] AndroidManifest.xml:36:17-69
189-->[com.google.firebase:firebase-auth:24.0.1] AndroidManifest.xml:36:25-66
190
191                <category android:name="android.intent.category.DEFAULT" />
191-->src/main/AndroidManifest.xml:69:17-76
191-->src/main/AndroidManifest.xml:69:27-73
192                <category android:name="android.intent.category.BROWSABLE" />
192-->[com.google.firebase:firebase-auth:24.0.1] AndroidManifest.xml:39:17-78
192-->[com.google.firebase:firebase-auth:24.0.1] AndroidManifest.xml:39:27-75
193
194                <data
194-->[com.github.CanHub:Android-Image-Cropper:4.5.0] AndroidManifest.xml:15:13-44
195                    android:host="firebase.auth"
196                    android:path="/"
197                    android:scheme="recaptcha" />
198            </intent-filter>
199        </activity>
200
201        <service
201-->[com.google.firebase:firebase-auth:24.0.1] AndroidManifest.xml:66:9-72:19
202            android:name="com.google.firebase.components.ComponentDiscoveryService"
202-->[com.google.firebase:firebase-auth:24.0.1] AndroidManifest.xml:67:13-84
203            android:directBootAware="true"
203-->[com.google.firebase:firebase-common:22.0.1] AndroidManifest.xml:32:13-43
204            android:exported="false" >
204-->[com.google.firebase:firebase-auth:24.0.1] AndroidManifest.xml:68:13-37
205            <meta-data
205-->[com.google.firebase:firebase-auth:24.0.1] AndroidManifest.xml:69:13-71:85
206                android:name="com.google.firebase.components:com.google.firebase.auth.FirebaseAuthRegistrar"
206-->[com.google.firebase:firebase-auth:24.0.1] AndroidManifest.xml:70:17-109
207                android:value="com.google.firebase.components.ComponentRegistrar" />
207-->[com.google.firebase:firebase-auth:24.0.1] AndroidManifest.xml:71:17-82
208            <meta-data
208-->[com.google.firebase:firebase-messaging:25.0.1] AndroidManifest.xml:57:13-59:85
209                android:name="com.google.firebase.components:com.google.firebase.messaging.FirebaseMessagingKtxRegistrar"
209-->[com.google.firebase:firebase-messaging:25.0.1] AndroidManifest.xml:58:17-122
210                android:value="com.google.firebase.components.ComponentRegistrar" />
210-->[com.google.firebase:firebase-messaging:25.0.1] AndroidManifest.xml:59:17-82
211            <meta-data
211-->[com.google.firebase:firebase-messaging:25.0.1] AndroidManifest.xml:60:13-62:85
212                android:name="com.google.firebase.components:com.google.firebase.messaging.FirebaseMessagingRegistrar"
212-->[com.google.firebase:firebase-messaging:25.0.1] AndroidManifest.xml:61:17-119
213                android:value="com.google.firebase.components.ComponentRegistrar" />
213-->[com.google.firebase:firebase-messaging:25.0.1] AndroidManifest.xml:62:17-82
214            <meta-data
214-->[com.google.android.gms:play-services-measurement-api:23.2.0] AndroidManifest.xml:33:13-35:85
215                android:name="com.google.firebase.components:com.google.firebase.analytics.connector.internal.AnalyticsConnectorRegistrar"
215-->[com.google.android.gms:play-services-measurement-api:23.2.0] AndroidManifest.xml:34:17-139
216                android:value="com.google.firebase.components.ComponentRegistrar" />
216-->[com.google.android.gms:play-services-measurement-api:23.2.0] AndroidManifest.xml:35:17-82
217            <meta-data
217-->[com.google.firebase:firebase-crashlytics:20.0.4] AndroidManifest.xml:15:13-17:85
218                android:name="com.google.firebase.components:com.google.firebase.crashlytics.FirebaseCrashlyticsKtxRegistrar"
218-->[com.google.firebase:firebase-crashlytics:20.0.4] AndroidManifest.xml:16:17-126
219                android:value="com.google.firebase.components.ComponentRegistrar" />
219-->[com.google.firebase:firebase-crashlytics:20.0.4] AndroidManifest.xml:17:17-82
220            <meta-data
220-->[com.google.firebase:firebase-crashlytics:20.0.4] AndroidManifest.xml:18:13-20:85
221                android:name="com.google.firebase.components:com.google.firebase.crashlytics.CrashlyticsRegistrar"
221-->[com.google.firebase:firebase-crashlytics:20.0.4] AndroidManifest.xml:19:17-115
222                android:value="com.google.firebase.components.ComponentRegistrar" />
222-->[com.google.firebase:firebase-crashlytics:20.0.4] AndroidManifest.xml:20:17-82
223            <meta-data
223-->[com.google.firebase:firebase-sessions:3.0.4] AndroidManifest.xml:29:13-31:85
224                android:name="com.google.firebase.components:com.google.firebase.sessions.FirebaseSessionsRegistrar"
224-->[com.google.firebase:firebase-sessions:3.0.4] AndroidManifest.xml:30:17-117
225                android:value="com.google.firebase.components.ComponentRegistrar" />
225-->[com.google.firebase:firebase-sessions:3.0.4] AndroidManifest.xml:31:17-82
226            <meta-data
226-->[com.google.firebase:firebase-installations:19.1.0] AndroidManifest.xml:15:13-17:85
227                android:name="com.google.firebase.components:com.google.firebase.installations.FirebaseInstallationsKtxRegistrar"
227-->[com.google.firebase:firebase-installations:19.1.0] AndroidManifest.xml:16:17-130
228                android:value="com.google.firebase.components.ComponentRegistrar" />
228-->[com.google.firebase:firebase-installations:19.1.0] AndroidManifest.xml:17:17-82
229            <meta-data
229-->[com.google.firebase:firebase-installations:19.1.0] AndroidManifest.xml:18:13-20:85
230                android:name="com.google.firebase.components:com.google.firebase.installations.FirebaseInstallationsRegistrar"
230-->[com.google.firebase:firebase-installations:19.1.0] AndroidManifest.xml:19:17-127
231                android:value="com.google.firebase.components.ComponentRegistrar" />
231-->[com.google.firebase:firebase-installations:19.1.0] AndroidManifest.xml:20:17-82
232            <meta-data
232-->[com.google.firebase:firebase-common:22.0.1] AndroidManifest.xml:35:13-37:85
233                android:name="com.google.firebase.components:com.google.firebase.FirebaseCommonKtxRegistrar"
233-->[com.google.firebase:firebase-common:22.0.1] AndroidManifest.xml:36:17-109
234                android:value="com.google.firebase.components.ComponentRegistrar" />
234-->[com.google.firebase:firebase-common:22.0.1] AndroidManifest.xml:37:17-82
235            <meta-data
235-->[com.google.firebase:firebase-datatransport:19.0.0] AndroidManifest.xml:25:13-27:85
236                android:name="com.google.firebase.components:com.google.firebase.datatransport.TransportRegistrar"
236-->[com.google.firebase:firebase-datatransport:19.0.0] AndroidManifest.xml:26:17-115
237                android:value="com.google.firebase.components.ComponentRegistrar" />
237-->[com.google.firebase:firebase-datatransport:19.0.0] AndroidManifest.xml:27:17-82
238        </service>
239        <service
239-->[androidx.credentials:credentials-play-services-auth:1.6.0-beta01] AndroidManifest.xml:24:9-32:19
240            android:name="androidx.credentials.playservices.CredentialProviderMetadataHolder"
240-->[androidx.credentials:credentials-play-services-auth:1.6.0-beta01] AndroidManifest.xml:25:13-94
241            android:enabled="true"
241-->[androidx.credentials:credentials-play-services-auth:1.6.0-beta01] AndroidManifest.xml:26:13-35
242            android:exported="false" >
242-->[androidx.credentials:credentials-play-services-auth:1.6.0-beta01] AndroidManifest.xml:27:13-37
243            <meta-data
243-->[androidx.credentials:credentials-play-services-auth:1.6.0-beta01] AndroidManifest.xml:29:13-31:104
244                android:name="androidx.credentials.CREDENTIAL_PROVIDER_KEY"
244-->[androidx.credentials:credentials-play-services-auth:1.6.0-beta01] AndroidManifest.xml:30:17-76
245                android:value="androidx.credentials.playservices.CredentialProviderPlayServicesImpl" />
245-->[androidx.credentials:credentials-play-services-auth:1.6.0-beta01] AndroidManifest.xml:31:17-101
246        </service>
247
248        <activity
248-->[androidx.credentials:credentials-play-services-auth:1.6.0-beta01] AndroidManifest.xml:34:9-41:20
249            android:name="androidx.credentials.playservices.controllers.identityauth.HiddenActivity"
249-->[androidx.credentials:credentials-play-services-auth:1.6.0-beta01] AndroidManifest.xml:35:13-101
250            android:configChanges="orientation|screenSize|screenLayout|keyboardHidden"
250-->[androidx.credentials:credentials-play-services-auth:1.6.0-beta01] AndroidManifest.xml:36:13-87
251            android:enabled="true"
251-->[androidx.credentials:credentials-play-services-auth:1.6.0-beta01] AndroidManifest.xml:37:13-35
252            android:exported="false"
252-->[androidx.credentials:credentials-play-services-auth:1.6.0-beta01] AndroidManifest.xml:38:13-37
253            android:fitsSystemWindows="true"
253-->[androidx.credentials:credentials-play-services-auth:1.6.0-beta01] AndroidManifest.xml:39:13-45
254            android:theme="@style/Theme.Hidden" >
254-->[androidx.credentials:credentials-play-services-auth:1.6.0-beta01] AndroidManifest.xml:40:13-48
255        </activity>
256        <activity
256-->[androidx.credentials:credentials-play-services-auth:1.6.0-beta01] AndroidManifest.xml:42:9-49:20
257            android:name="androidx.credentials.playservices.controllers.identitycredentials.IdentityCredentialApiHiddenActivity"
257-->[androidx.credentials:credentials-play-services-auth:1.6.0-beta01] AndroidManifest.xml:43:13-129
258            android:configChanges="orientation|screenSize|screenLayout|keyboardHidden"
258-->[androidx.credentials:credentials-play-services-auth:1.6.0-beta01] AndroidManifest.xml:44:13-87
259            android:enabled="true"
259-->[androidx.credentials:credentials-play-services-auth:1.6.0-beta01] AndroidManifest.xml:45:13-35
260            android:exported="false"
260-->[androidx.credentials:credentials-play-services-auth:1.6.0-beta01] AndroidManifest.xml:46:13-37
261            android:fitsSystemWindows="true"
261-->[androidx.credentials:credentials-play-services-auth:1.6.0-beta01] AndroidManifest.xml:47:13-45
262            android:theme="@style/Theme.Hidden" >
262-->[androidx.credentials:credentials-play-services-auth:1.6.0-beta01] AndroidManifest.xml:48:13-48
263        </activity>
264        <activity
264-->[com.google.android.gms:play-services-auth:21.5.1] AndroidManifest.xml:23:9-27:75
265            android:name="com.google.android.gms.auth.api.signin.internal.SignInHubActivity"
265-->[com.google.android.gms:play-services-auth:21.5.1] AndroidManifest.xml:24:13-93
266            android:excludeFromRecents="true"
266-->[com.google.android.gms:play-services-auth:21.5.1] AndroidManifest.xml:25:13-46
267            android:exported="false"
267-->[com.google.android.gms:play-services-auth:21.5.1] AndroidManifest.xml:26:13-37
268            android:theme="@android:style/Theme.Translucent.NoTitleBar" />
268-->[com.google.android.gms:play-services-auth:21.5.1] AndroidManifest.xml:27:13-72
269        <!--
270            Service handling Google Sign-In user revocation. For apps that do not integrate with
271            Google Sign-In, this service will never be started.
272        -->
273        <service